<?xml version="1.0" encoding="UTF-8"?>
<testsuite xmlns:xsi="http://www.w3.org/2001/XMLSchema-instance" xsi:noNamespaceSchemaLocation="https://maven.apache.org/surefire/maven-surefire-plugin/xsd/surefire-test-report-3.0.xsd" version="3.0" name="com.example.tests.JuiceShopTest" time="5.032" tests="3" errors="1" skipped="0" failures="0">
  <properties>
    <property name="java.specification.version" value="17"/>
    <property name="sun.jnu.encoding" value="UTF-8"/>
    <property name="java.class.path" value="/Users/ramesh.chandrasekar/IdeaProjects/OWASPJuiceShopApiTests/target/test-classes:/Users/ramesh.chandrasekar/IdeaProjects/OWASPJuiceShopApiTests/target/classes:/Users/ramesh.chandrasekar/.m2/repository/org/junit/jupiter/junit-jupiter-engine/5.6.2/junit-jupiter-engine-5.6.2.jar:/Users/ramesh.chandrasekar/.m2/repository/org/apiguardian/apiguardian-api/1.1.0/apiguardian-api-1.1.0.jar:/Users/ramesh.chandrasekar/.m2/repository/org/junit/platform/junit-platform-engine/1.6.2/junit-platform-engine-1.6.2.jar:/Users/ramesh.chandrasekar/.m2/repository/org/junit/platform/junit-platform-runner/1.6.2/junit-platform-runner-1.6.2.jar:/Users/ramesh.chandrasekar/.m2/repository/junit/junit/4.13/junit-4.13.jar:/Users/ramesh.chandrasekar/.m2/repository/org/hamcrest/hamcrest-core/1.3/hamcrest-core-1.3.jar:/Users/ramesh.chandrasekar/.m2/repository/org/junit/platform/junit-platform-launcher/1.6.2/junit-platform-launcher-1.6.2.jar:/Users/ramesh.chandrasekar/.m2/repository/org/junit/platform/junit-platform-suite-api/1.6.2/junit-platform-suite-api-1.6.2.jar:/Users/ramesh.chandrasekar/.m2/repository/org/projectlombok/lombok/1.18.20/lombok-1.18.20.jar:/Users/ramesh.chandrasekar/.m2/repository/org/assertj/assertj-core/3.15.0/assertj-core-3.15.0.jar:/Users/ramesh.chandrasekar/.m2/repository/com/github/javafaker/javafaker/1.0.2/javafaker-1.0.2.jar:/Users/ramesh.chandrasekar/.m2/repository/org/apache/commons/commons-lang3/3.5/commons-lang3-3.5.jar:/Users/ramesh.chandrasekar/.m2/repository/org/yaml/snakeyaml/1.23/snakeyaml-1.23-android.jar:/Users/ramesh.chandrasekar/.m2/repository/com/github/mifmif/generex/1.0.2/generex-1.0.2.jar:/Users/ramesh.chandrasekar/.m2/repository/dk/brics/automaton/automaton/1.11-8/automaton-1.11-8.jar:/Users/ramesh.chandrasekar/.m2/repository/org/junit/jupiter/junit-jupiter-api/5.6.2/junit-jupiter-api-5.6.2.jar:/Users/ramesh.chandrasekar/.m2/repository/org/opentest4j/opentest4j/1.2.0/opentest4j-1.2.0.jar:/Users/ramesh.chandrasekar/.m2/repository/org/junit/platform/junit-platform-commons/1.6.2/junit-platform-commons-1.6.2.jar:/Users/ramesh.chandrasekar/.m2/repository/io/rest-assured/rest-assured/4.4.0/rest-assured-4.4.0.jar:/Users/ramesh.chandrasekar/.m2/repository/org/codehaus/groovy/groovy/3.0.8/groovy-3.0.8.jar:/Users/ramesh.chandrasekar/.m2/repository/org/codehaus/groovy/groovy-xml/3.0.8/groovy-xml-3.0.8.jar:/Users/ramesh.chandrasekar/.m2/repository/org/apache/httpcomponents/httpclient/4.5.13/httpclient-4.5.13.jar:/Users/ramesh.chandrasekar/.m2/repository/org/apache/httpcomponents/httpcore/4.4.13/httpcore-4.4.13.jar:/Users/ramesh.chandrasekar/.m2/repository/commons-logging/commons-logging/1.2/commons-logging-1.2.jar:/Users/ramesh.chandrasekar/.m2/repository/commons-codec/commons-codec/1.11/commons-codec-1.11.jar:/Users/ramesh.chandrasekar/.m2/repository/org/apache/httpcomponents/httpmime/4.5.13/httpmime-4.5.13.jar:/Users/ramesh.chandrasekar/.m2/repository/org/hamcrest/hamcrest/2.1/hamcrest-2.1.jar:/Users/ramesh.chandrasekar/.m2/repository/org/ccil/cowan/tagsoup/tagsoup/1.2.1/tagsoup-1.2.1.jar:/Users/ramesh.chandrasekar/.m2/repository/io/rest-assured/json-path/4.4.0/json-path-4.4.0.jar:/Users/ramesh.chandrasekar/.m2/repository/org/codehaus/groovy/groovy-json/3.0.8/groovy-json-3.0.8.jar:/Users/ramesh.chandrasekar/.m2/repository/io/rest-assured/rest-assured-common/4.4.0/rest-assured-common-4.4.0.jar:/Users/ramesh.chandrasekar/.m2/repository/io/rest-assured/xml-path/4.4.0/xml-path-4.4.0.jar:/Users/ramesh.chandrasekar/.m2/repository/jakarta/xml/bind/jakarta.xml.bind-api/2.3.3/jakarta.xml.bind-api-2.3.3.jar:/Users/ramesh.chandrasekar/.m2/repository/jakarta/activation/jakarta.activation-api/1.2.2/jakarta.activation-api-1.2.2.jar:/Users/ramesh.chandrasekar/.m2/repository/com/sun/xml/bind/jaxb-impl/2.3.3/jaxb-impl-2.3.3.jar:/Users/ramesh.chandrasekar/.m2/repository/com/github/tomakehurst/wiremock-jre8/2.26.3/wiremock-jre8-2.26.3.jar:/Users/ramesh.chandrasekar/.m2/repository/org/eclipse/jetty/jetty-server/9.4.20.v20190813/jetty-server-9.4.20.v20190813.jar:/Users/ramesh.chandrasekar/.m2/repository/javax/servlet/javax.servlet-api/3.1.0/javax.servlet-api-3.1.0.jar:/Users/ramesh.chandrasekar/.m2/repository/org/eclipse/jetty/jetty-http/9.4.20.v20190813/jetty-http-9.4.20.v20190813.jar:/Users/ramesh.chandrasekar/.m2/repository/org/eclipse/jetty/jetty-io/9.4.20.v20190813/jetty-io-9.4.20.v20190813.jar:/Users/ramesh.chandrasekar/.m2/repository/org/eclipse/jetty/jetty-servlet/9.4.20.v20190813/jetty-servlet-9.4.20.v20190813.jar:/Users/ramesh.chandrasekar/.m2/repository/org/eclipse/jetty/jetty-security/9.4.20.v20190813/jetty-security-9.4.20.v20190813.jar:/Users/ramesh.chandrasekar/.m2/repository/org/eclipse/jetty/jetty-servlets/9.4.20.v20190813/jetty-servlets-9.4.20.v20190813.jar:/Users/ramesh.chandrasekar/.m2/repository/org/eclipse/jetty/jetty-continuation/9.4.20.v20190813/jetty-continuation-9.4.20.v20190813.jar:/Users/ramesh.chandrasekar/.m2/repository/org/eclipse/jetty/jetty-util/9.4.20.v20190813/jetty-util-9.4.20.v20190813.jar:/Users/ramesh.chandrasekar/.m2/repository/org/eclipse/jetty/jetty-webapp/9.4.20.v20190813/jetty-webapp-9.4.20.v20190813.jar:/Users/ramesh.chandrasekar/.m2/repository/org/eclipse/jetty/jetty-xml/9.4.20.v20190813/jetty-xml-9.4.20.v20190813.jar:/Users/ramesh.chandrasekar/.m2/repository/com/google/guava/guava/27.0.1-jre/guava-27.0.1-jre.jar:/Users/ramesh.chandrasekar/.m2/repository/com/google/guava/failureaccess/1.0.1/failureaccess-1.0.1.jar:/Users/ramesh.chandrasekar/.m2/repository/com/google/guava/listenablefuture/9999.0-empty-to-avoid-conflict-with-guava/listenablefuture-9999.0-empty-to-avoid-conflict-with-guava.jar:/Users/ramesh.chandrasekar/.m2/repository/com/google/code/findbugs/jsr305/3.0.2/jsr305-3.0.2.jar:/Users/ramesh.chandrasekar/.m2/repository/org/checkerframework/checker-qual/2.5.2/checker-qual-2.5.2.jar:/Users/ramesh.chandrasekar/.m2/repository/com/google/errorprone/error_prone_annotations/2.2.0/error_prone_annotations-2.2.0.jar:/Users/ramesh.chandrasekar/.m2/repository/com/google/j2objc/j2objc-annotations/1.1/j2objc-annotations-1.1.jar:/Users/ramesh.chandrasekar/.m2/repository/org/codehaus/mojo/animal-sniffer-annotations/1.17/animal-sniffer-annotations-1.17.jar:/Users/ramesh.chandrasekar/.m2/repository/com/fasterxml/jackson/core/jackson-core/2.10.0/jackson-core-2.10.0.jar:/Users/ramesh.chandrasekar/.m2/repository/com/fasterxml/jackson/core/jackson-annotations/2.10.0/jackson-annotations-2.10.0.jar:/Users/ramesh.chandrasekar/.m2/repository/com/fasterxml/jackson/core/jackson-databind/2.10.0/jackson-databind-2.10.0.jar:/Users/ramesh.chandrasekar/.m2/repository/org/xmlunit/xmlunit-core/2.6.2/xmlunit-core-2.6.2.jar:/Users/ramesh.chandrasekar/.m2/repository/javax/xml/bind/jaxb-api/2.3.0/jaxb-api-2.3.0.jar:/Users/ramesh.chandrasekar/.m2/repository/org/xmlunit/xmlunit-legacy/2.6.2/xmlunit-legacy-2.6.2.jar:/Users/ramesh.chandrasekar/.m2/repository/org/xmlunit/xmlunit-placeholders/2.6.2/xmlunit-placeholders-2.6.2.jar:/Users/ramesh.chandrasekar/.m2/repository/com/jayway/jsonpath/json-path/2.4.0/json-path-2.4.0.jar:/Users/ramesh.chandrasekar/.m2/repository/net/minidev/json-smart/2.3/json-smart-2.3.jar:/Users/ramesh.chandrasekar/.m2/repository/net/minidev/accessors-smart/1.2/accessors-smart-1.2.jar:/Users/ramesh.chandrasekar/.m2/repository/org/ow2/asm/asm/7.0/asm-7.0.jar:/Users/ramesh.chandrasekar/.m2/repository/org/slf4j/slf4j-api/1.7.12/slf4j-api-1.7.12.jar:/Users/ramesh.chandrasekar/.m2/repository/net/sf/jopt-simple/jopt-simple/5.0.3/jopt-simple-5.0.3.jar:/Users/ramesh.chandrasekar/.m2/repository/com/github/jknack/handlebars/4.1.2/handlebars-4.1.2.jar:/Users/ramesh.chandrasekar/.m2/repository/com/github/jknack/handlebars-helpers/4.1.2/handlebars-helpers-4.1.2.jar:/Users/ramesh.chandrasekar/.m2/repository/com/flipkart/zjsonpatch/zjsonpatch/0.4.4/zjsonpatch-0.4.4.jar:/Users/ramesh.chandrasekar/.m2/repository/commons-fileupload/commons-fileupload/1.4/commons-fileupload-1.4.jar:/Users/ramesh.chandrasekar/.m2/repository/commons-io/commons-io/2.2/commons-io-2.2.jar:/Users/ramesh.chandrasekar/.m2/repository/org/eclipse/jetty/http2/http2-server/9.4.20.v20190813/http2-server-9.4.20.v20190813.jar:/Users/ramesh.chandrasekar/.m2/repository/org/eclipse/jetty/http2/http2-common/9.4.20.v20190813/http2-common-9.4.20.v20190813.jar:/Users/ramesh.chandrasekar/.m2/repository/org/eclipse/jetty/http2/http2-hpack/9.4.20.v20190813/http2-hpack-9.4.20.v20190813.jar:/Users/ramesh.chandrasekar/.m2/repository/org/eclipse/jetty/jetty-alpn-server/9.4.20.v20190813/jetty-alpn-server-9.4.20.v20190813.jar:/Users/ramesh.chandrasekar/.m2/repository/org/eclipse/jetty/jetty-alpn-conscrypt-server/9.4.20.v20190813/jetty-alpn-conscrypt-server-9.4.20.v20190813.jar:/Users/ramesh.chandrasekar/.m2/repository/org/conscrypt/conscrypt-openjdk-uber/2.1.0/conscrypt-openjdk-uber-2.1.0.jar:/Users/ramesh.chandrasekar/.m2/repository/org/eclipse/jetty/jetty-alpn-conscrypt-client/9.4.20.v20190813/jetty-alpn-conscrypt-client-9.4.20.v20190813.jar:/Users/ramesh.chandrasekar/.m2/repository/org/eclipse/jetty/jetty-alpn-client/9.4.20.v20190813/jetty-alpn-client-9.4.20.v20190813.jar:/Users/ramesh.chandrasekar/.m2/repository/net/javacrumbs/json-unit/json-unit-core/2.12.0/json-unit-core-2.12.0.jar:/Users/ramesh.chandrasekar/.m2/repository/com/googlecode/json-simple/json-simple/1.1.1/json-simple-1.1.1.jar:"/>
    <property name="java.vm.vendor" value="Homebrew"/>
    <property name="sun.arch.data.model" value="64"/>
    <property name="java.vendor.url" value="https://github.com/Homebrew/homebrew-core/issues"/>
    <property name="user.timezone" value="Asia/Kolkata"/>
    <property name="os.name" value="Mac OS X"/>
    <property name="java.vm.specification.version" value="17"/>
    <property name="sun.java.launcher" value="SUN_STANDARD"/>
    <property name="user.country" value="IN"/>
    <property name="sun.boot.library.path" value="/usr/local/Cellar/openjdk/17/libexec/openjdk.jdk/Contents/Home/lib"/>
    <property name="sun.java.command" value="/Users/ramesh.chandrasekar/IdeaProjects/OWASPJuiceShopApiTests/target/surefire/surefirebooter13288698738649058563.jar /Users/ramesh.chandrasekar/IdeaProjects/OWASPJuiceShopApiTests/target/surefire 2021-09-22T13-41-49_946-jvmRun1 surefire10968936602099392767tmp surefire_06671277917747760836tmp"/>
    <property name="http.nonProxyHosts" value="local|*.local|169.254/16|*.169.254/16"/>
    <property name="jdk.debug" value="release"/>
    <property name="surefire.test.class.path" value="/Users/ramesh.chandrasekar/IdeaProjects/OWASPJuiceShopApiTests/target/test-classes:/Users/ramesh.chandrasekar/IdeaProjects/OWASPJuiceShopApiTests/target/classes:/Users/ramesh.chandrasekar/.m2/repository/org/junit/jupiter/junit-jupiter-engine/5.6.2/junit-jupiter-engine-5.6.2.jar:/Users/ramesh.chandrasekar/.m2/repository/org/apiguardian/apiguardian-api/1.1.0/apiguardian-api-1.1.0.jar:/Users/ramesh.chandrasekar/.m2/repository/org/junit/platform/junit-platform-engine/1.6.2/junit-platform-engine-1.6.2.jar:/Users/ramesh.chandrasekar/.m2/repository/org/junit/platform/junit-platform-runner/1.6.2/junit-platform-runner-1.6.2.jar:/Users/ramesh.chandrasekar/.m2/repository/junit/junit/4.13/junit-4.13.jar:/Users/ramesh.chandrasekar/.m2/repository/org/hamcrest/hamcrest-core/1.3/hamcrest-core-1.3.jar:/Users/ramesh.chandrasekar/.m2/repository/org/junit/platform/junit-platform-launcher/1.6.2/junit-platform-launcher-1.6.2.jar:/Users/ramesh.chandrasekar/.m2/repository/org/junit/platform/junit-platform-suite-api/1.6.2/junit-platform-suite-api-1.6.2.jar:/Users/ramesh.chandrasekar/.m2/repository/org/projectlombok/lombok/1.18.20/lombok-1.18.20.jar:/Users/ramesh.chandrasekar/.m2/repository/org/assertj/assertj-core/3.15.0/assertj-core-3.15.0.jar:/Users/ramesh.chandrasekar/.m2/repository/com/github/javafaker/javafaker/1.0.2/javafaker-1.0.2.jar:/Users/ramesh.chandrasekar/.m2/repository/org/apache/commons/commons-lang3/3.5/commons-lang3-3.5.jar:/Users/ramesh.chandrasekar/.m2/repository/org/yaml/snakeyaml/1.23/snakeyaml-1.23-android.jar:/Users/ramesh.chandrasekar/.m2/repository/com/github/mifmif/generex/1.0.2/generex-1.0.2.jar:/Users/ramesh.chandrasekar/.m2/repository/dk/brics/automaton/automaton/1.11-8/automaton-1.11-8.jar:/Users/ramesh.chandrasekar/.m2/repository/org/junit/jupiter/junit-jupiter-api/5.6.2/junit-jupiter-api-5.6.2.jar:/Users/ramesh.chandrasekar/.m2/repository/org/opentest4j/opentest4j/1.2.0/opentest4j-1.2.0.jar:/Users/ramesh.chandrasekar/.m2/repository/org/junit/platform/junit-platform-commons/1.6.2/junit-platform-commons-1.6.2.jar:/Users/ramesh.chandrasekar/.m2/repository/io/rest-assured/rest-assured/4.4.0/rest-assured-4.4.0.jar:/Users/ramesh.chandrasekar/.m2/repository/org/codehaus/groovy/groovy/3.0.8/groovy-3.0.8.jar:/Users/ramesh.chandrasekar/.m2/repository/org/codehaus/groovy/groovy-xml/3.0.8/groovy-xml-3.0.8.jar:/Users/ramesh.chandrasekar/.m2/repository/org/apache/httpcomponents/httpclient/4.5.13/httpclient-4.5.13.jar:/Users/ramesh.chandrasekar/.m2/repository/org/apache/httpcomponents/httpcore/4.4.13/httpcore-4.4.13.jar:/Users/ramesh.chandrasekar/.m2/repository/commons-logging/commons-logging/1.2/commons-logging-1.2.jar:/Users/ramesh.chandrasekar/.m2/repository/commons-codec/commons-codec/1.11/commons-codec-1.11.jar:/Users/ramesh.chandrasekar/.m2/repository/org/apache/httpcomponents/httpmime/4.5.13/httpmime-4.5.13.jar:/Users/ramesh.chandrasekar/.m2/repository/org/hamcrest/hamcrest/2.1/hamcrest-2.1.jar:/Users/ramesh.chandrasekar/.m2/repository/org/ccil/cowan/tagsoup/tagsoup/1.2.1/tagsoup-1.2.1.jar:/Users/ramesh.chandrasekar/.m2/repository/io/rest-assured/json-path/4.4.0/json-path-4.4.0.jar:/Users/ramesh.chandrasekar/.m2/repository/org/codehaus/groovy/groovy-json/3.0.8/groovy-json-3.0.8.jar:/Users/ramesh.chandrasekar/.m2/repository/io/rest-assured/rest-assured-common/4.4.0/rest-assured-common-4.4.0.jar:/Users/ramesh.chandrasekar/.m2/repository/io/rest-assured/xml-path/4.4.0/xml-path-4.4.0.jar:/Users/ramesh.chandrasekar/.m2/repository/jakarta/xml/bind/jakarta.xml.bind-api/2.3.3/jakarta.xml.bind-api-2.3.3.jar:/Users/ramesh.chandrasekar/.m2/repository/jakarta/activation/jakarta.activation-api/1.2.2/jakarta.activation-api-1.2.2.jar:/Users/ramesh.chandrasekar/.m2/repository/com/sun/xml/bind/jaxb-impl/2.3.3/jaxb-impl-2.3.3.jar:/Users/ramesh.chandrasekar/.m2/repository/com/github/tomakehurst/wiremock-jre8/2.26.3/wiremock-jre8-2.26.3.jar:/Users/ramesh.chandrasekar/.m2/repository/org/eclipse/jetty/jetty-server/9.4.20.v20190813/jetty-server-9.4.20.v20190813.jar:/Users/ramesh.chandrasekar/.m2/repository/javax/servlet/javax.servlet-api/3.1.0/javax.servlet-api-3.1.0.jar:/Users/ramesh.chandrasekar/.m2/repository/org/eclipse/jetty/jetty-http/9.4.20.v20190813/jetty-http-9.4.20.v20190813.jar:/Users/ramesh.chandrasekar/.m2/repository/org/eclipse/jetty/jetty-io/9.4.20.v20190813/jetty-io-9.4.20.v20190813.jar:/Users/ramesh.chandrasekar/.m2/repository/org/eclipse/jetty/jetty-servlet/9.4.20.v20190813/jetty-servlet-9.4.20.v20190813.jar:/Users/ramesh.chandrasekar/.m2/repository/org/eclipse/jetty/jetty-security/9.4.20.v20190813/jetty-security-9.4.20.v20190813.jar:/Users/ramesh.chandrasekar/.m2/repository/org/eclipse/jetty/jetty-servlets/9.4.20.v20190813/jetty-servlets-9.4.20.v20190813.jar:/Users/ramesh.chandrasekar/.m2/repository/org/eclipse/jetty/jetty-continuation/9.4.20.v20190813/jetty-continuation-9.4.20.v20190813.jar:/Users/ramesh.chandrasekar/.m2/repository/org/eclipse/jetty/jetty-util/9.4.20.v20190813/jetty-util-9.4.20.v20190813.jar:/Users/ramesh.chandrasekar/.m2/repository/org/eclipse/jetty/jetty-webapp/9.4.20.v20190813/jetty-webapp-9.4.20.v20190813.jar:/Users/ramesh.chandrasekar/.m2/repository/org/eclipse/jetty/jetty-xml/9.4.20.v20190813/jetty-xml-9.4.20.v20190813.jar:/Users/ramesh.chandrasekar/.m2/repository/com/google/guava/guava/27.0.1-jre/guava-27.0.1-jre.jar:/Users/ramesh.chandrasekar/.m2/repository/com/google/guava/failureaccess/1.0.1/failureaccess-1.0.1.jar:/Users/ramesh.chandrasekar/.m2/repository/com/google/guava/listenablefuture/9999.0-empty-to-avoid-conflict-with-guava/listenablefuture-9999.0-empty-to-avoid-conflict-with-guava.jar:/Users/ramesh.chandrasekar/.m2/repository/com/google/code/findbugs/jsr305/3.0.2/jsr305-3.0.2.jar:/Users/ramesh.chandrasekar/.m2/repository/org/checkerframework/checker-qual/2.5.2/checker-qual-2.5.2.jar:/Users/ramesh.chandrasekar/.m2/repository/com/google/errorprone/error_prone_annotations/2.2.0/error_prone_annotations-2.2.0.jar:/Users/ramesh.chandrasekar/.m2/repository/com/google/j2objc/j2objc-annotations/1.1/j2objc-annotations-1.1.jar:/Users/ramesh.chandrasekar/.m2/repository/org/codehaus/mojo/animal-sniffer-annotations/1.17/animal-sniffer-annotations-1.17.jar:/Users/ramesh.chandrasekar/.m2/repository/com/fasterxml/jackson/core/jackson-core/2.10.0/jackson-core-2.10.0.jar:/Users/ramesh.chandrasekar/.m2/repository/com/fasterxml/jackson/core/jackson-annotations/2.10.0/jackson-annotations-2.10.0.jar:/Users/ramesh.chandrasekar/.m2/repository/com/fasterxml/jackson/core/jackson-databind/2.10.0/jackson-databind-2.10.0.jar:/Users/ramesh.chandrasekar/.m2/repository/org/xmlunit/xmlunit-core/2.6.2/xmlunit-core-2.6.2.jar:/Users/ramesh.chandrasekar/.m2/repository/javax/xml/bind/jaxb-api/2.3.0/jaxb-api-2.3.0.jar:/Users/ramesh.chandrasekar/.m2/repository/org/xmlunit/xmlunit-legacy/2.6.2/xmlunit-legacy-2.6.2.jar:/Users/ramesh.chandrasekar/.m2/repository/org/xmlunit/xmlunit-placeholders/2.6.2/xmlunit-placeholders-2.6.2.jar:/Users/ramesh.chandrasekar/.m2/repository/com/jayway/jsonpath/json-path/2.4.0/json-path-2.4.0.jar:/Users/ramesh.chandrasekar/.m2/repository/net/minidev/json-smart/2.3/json-smart-2.3.jar:/Users/ramesh.chandrasekar/.m2/repository/net/minidev/accessors-smart/1.2/accessors-smart-1.2.jar:/Users/ramesh.chandrasekar/.m2/repository/org/ow2/asm/asm/7.0/asm-7.0.jar:/Users/ramesh.chandrasekar/.m2/repository/org/slf4j/slf4j-api/1.7.12/slf4j-api-1.7.12.jar:/Users/ramesh.chandrasekar/.m2/repository/net/sf/jopt-simple/jopt-simple/5.0.3/jopt-simple-5.0.3.jar:/Users/ramesh.chandrasekar/.m2/repository/com/github/jknack/handlebars/4.1.2/handlebars-4.1.2.jar:/Users/ramesh.chandrasekar/.m2/repository/com/github/jknack/handlebars-helpers/4.1.2/handlebars-helpers-4.1.2.jar:/Users/ramesh.chandrasekar/.m2/repository/com/flipkart/zjsonpatch/zjsonpatch/0.4.4/zjsonpatch-0.4.4.jar:/Users/ramesh.chandrasekar/.m2/repository/commons-fileupload/commons-fileupload/1.4/commons-fileupload-1.4.jar:/Users/ramesh.chandrasekar/.m2/repository/commons-io/commons-io/2.2/commons-io-2.2.jar:/Users/ramesh.chandrasekar/.m2/repository/org/eclipse/jetty/http2/http2-server/9.4.20.v20190813/http2-server-9.4.20.v20190813.jar:/Users/ramesh.chandrasekar/.m2/repository/org/eclipse/jetty/http2/http2-common/9.4.20.v20190813/http2-common-9.4.20.v20190813.jar:/Users/ramesh.chandrasekar/.m2/repository/org/eclipse/jetty/http2/http2-hpack/9.4.20.v20190813/http2-hpack-9.4.20.v20190813.jar:/Users/ramesh.chandrasekar/.m2/repository/org/eclipse/jetty/jetty-alpn-server/9.4.20.v20190813/jetty-alpn-server-9.4.20.v20190813.jar:/Users/ramesh.chandrasekar/.m2/repository/org/eclipse/jetty/jetty-alpn-conscrypt-server/9.4.20.v20190813/jetty-alpn-conscrypt-server-9.4.20.v20190813.jar:/Users/ramesh.chandrasekar/.m2/repository/org/conscrypt/conscrypt-openjdk-uber/2.1.0/conscrypt-openjdk-uber-2.1.0.jar:/Users/ramesh.chandrasekar/.m2/repository/org/eclipse/jetty/jetty-alpn-conscrypt-client/9.4.20.v20190813/jetty-alpn-conscrypt-client-9.4.20.v20190813.jar:/Users/ramesh.chandrasekar/.m2/repository/org/eclipse/jetty/jetty-alpn-client/9.4.20.v20190813/jetty-alpn-client-9.4.20.v20190813.jar:/Users/ramesh.chandrasekar/.m2/repository/net/javacrumbs/json-unit/json-unit-core/2.12.0/json-unit-core-2.12.0.jar:/Users/ramesh.chandrasekar/.m2/repository/com/googlecode/json-simple/json-simple/1.1.1/json-simple-1.1.1.jar:"/>
    <property name="sun.cpu.endian" value="little"/>
    <property name="user.home" value="/Users/ramesh.chandrasekar"/>
    <property name="user.language" value="en"/>
    <property name="java.specification.vendor" value="Oracle Corporation"/>
    <property name="java.version.date" value="2021-09-14"/>
    <property name="java.home" value="/usr/local/Cellar/openjdk/17/libexec/openjdk.jdk/Contents/Home"/>
    <property name="file.separator" value="/"/>
    <property name="basedir" value="/Users/ramesh.chandrasekar/IdeaProjects/OWASPJuiceShopApiTests"/>
    <property name="java.vm.compressedOopsMode" value="Zero based"/>
    <property name="line.separator" value="&#10;"/>
    <property name="java.vm.specification.vendor" value="Oracle Corporation"/>
    <property name="java.specification.name" value="Java Platform API Specification"/>
    <property name="surefire.real.class.path" value="/Users/ramesh.chandrasekar/IdeaProjects/OWASPJuiceShopApiTests/target/surefire/surefirebooter13288698738649058563.jar"/>
    <property name="sun.management.compiler" value="HotSpot 64-Bit Tiered Compilers"/>
    <property name="ftp.nonProxyHosts" value="local|*.local|169.254/16|*.169.254/16"/>
    <property name="java.runtime.version" value="17+0"/>
    <property name="user.name" value="ramesh.chandrasekar"/>
    <property name="path.separator" value=":"/>
    <property name="os.version" value="10.15.7"/>
    <property name="java.runtime.name" value="OpenJDK Runtime Environment"/>
    <property name="org.eclipse.jetty.server.HttpChannelState.DEFAULT_TIMEOUT" value="300000"/>
    <property name="file.encoding" value="US-ASCII"/>
    <property name="java.vm.name" value="OpenJDK 64-Bit Server VM"/>
    <property name="java.vendor.version" value="Homebrew"/>
    <property name="localRepository" value="/Users/ramesh.chandrasekar/.m2/repository"/>
    <property name="javax.xml.xpath.XPathFactory:http://java.sun.com/jaxp/xpath/dom" value="com.sun.org.apache.xpath.internal.jaxp.XPathFactoryImpl"/>
    <property name="java.vendor.url.bug" value="https://github.com/Homebrew/homebrew-core/issues"/>
    <property name="jetty.git.hash" value="84700530e645e812b336747464d6fbbf370c9a20"/>
    <property name="java.io.tmpdir" value="/var/folders/bb/zsn4knss177d0q6fc47dq8nw0000gq/T/"/>
    <property name="java.version" value="17"/>
    <property name="user.dir" value="/Users/ramesh.chandrasekar/IdeaProjects/OWASPJuiceShopApiTests"/>
    <property name="os.arch" value="x86_64"/>
    <property name="java.vm.specification.name" value="Java Virtual Machine Specification"/>
    <property name="native.encoding" value="US-ASCII"/>
    <property name="java.library.path" value="/Users/ramesh.chandrasekar/Library/Java/Extensions:/Library/Java/Extensions:/Network/Library/Java/Extensions:/System/Library/Java/Extensions:/usr/lib/java:."/>
    <property name="java.vm.info" value="mixed mode, sharing"/>
    <property name="java.vendor" value="Homebrew"/>
    <property name="java.vm.version" value="17+0"/>
    <property name="sun.io.unicode.encoding" value="UnicodeBig"/>
    <property name="javax.xml.transform.TransformerFactory" value="com.sun.org.apache.xalan.internal.xsltc.trax.TransformerFactoryImpl"/>
    <property name="socksNonProxyHosts" value="local|*.local|169.254/16|*.169.254/16"/>
    <property name="java.class.version" value="61.0"/>
  </properties>
  <testcase name="performDefaultSearch" classname="com.example.tests.JuiceShopTest" time="2.103"/>
  <testcase name="createCustomerSuccessfully" classname="com.example.tests.JuiceShopTest" time="1.092"/>
  <testcase name="addProductToCart" classname="com.example.tests.JuiceShopTest" time="0.951">
    <error type="com.fasterxml.jackson.databind.exc.InvalidFormatException"><![CDATA[com.fasterxml.jackson.databind.exc.InvalidFormatException: 
Cannot deserialize value of type `int` from String "eyJ0eXAiOiJKV1QiLCJhbGciOiJSUzI1NiJ9.eyJzdGF0dXMiOiJzdWNjZXNzIiwiZGF0YSI6eyJpZCI6NjcsInVzZXJuYW1lIjoiIiwiZW1haWwiOiJ0ZXN0ODQ1QGdtYWlsLmNvbSIsInBhc3N3b3JkIjoiZDAwZjVkNTIxNzg5NmZiN2ZkNjAxNDEyY2I4OTA4MzAiLCJyb2xlIjoiY3VzdG9tZXIiLCJkZWx1eGVUb2tlbiI6IiIsImxhc3RMb2dpbklwIjoiMC4wLjAuMCIsInByb2ZpbGVJbWFnZSI6Ii9hc3NldHMvcHVibGljL2ltYWdlcy91cGxvYWRzL2RlZmF1bHQuc3ZnIiwidG90cFNlY3JldCI6IiIsImlzQWN0aXZlIjp0cnVlLCJjcmVhdGVkQXQiOiIyMDIxLTA5LTIyIDA3OjU5OjM0LjcyNSArMDA6MDAiLCJ1cGRhdGVkQXQiOiIyMDIxLTA5LTIyIDA3OjU]...[wIjoiMC4wLjAuMCIsInByb2ZpbGVJbWFnZSI6Ii9hc3NldHMvcHVibGljL2ltYWdlcy91cGxvYWRzL2RlZmF1bHQuc3ZnIiwidG90cFNlY3JldCI6IiIsImlzQWN0aXZlIjp0cnVlLCJjcmVhdGVkQXQiOiIyMDIxLTA5LTIyIDA3OjU5OjM0LjcyNSArMDA6MDAiLCJ1cGRhdGVkQXQiOiIyMDIxLTA5LTIyIDA3OjU5OjM0LjcyNSArMDA6MDAiLCJkZWxldGVkQXQiOm51bGx9LCJpYXQiOjE2MzIyOTgzMTUsImV4cCI6MTYzMjMxNjMxNX0.KvrzOir2UzcLeykm-69AM4fZjfuTpsCHzOgCs3w2khtokJl3GTz92msVueGt9MekcLNxW1yuzpOQ6dORI6AB80hJkouqiWclE50wY3_QQe7xPwyapHZ1lVI7Vnl7e_5QQRw-U0BicqJRsJXaioPjNwi_1_lQ-jUf_Ootdyb0r0c": not a valid Integer value
 at [Source: (String)"{"authentication":{"token":"eyJ0eXAiOiJKV1QiLCJhbGciOiJSUzI1NiJ9.eyJzdGF0dXMiOiJzdWNjZXNzIiwiZGF0YSI6eyJpZCI6NjcsInVzZXJuYW1lIjoiIiwiZW1haWwiOiJ0ZXN0ODQ1QGdtYWlsLmNvbSIsInBhc3N3b3JkIjoiZDAwZjVkNTIxNzg5NmZiN2ZkNjAxNDEyY2I4OTA4MzAiLCJyb2xlIjoiY3VzdG9tZXIiLCJkZWx1eGVUb2tlbiI6IiIsImxhc3RMb2dpbklwIjoiMC4wLjAuMCIsInByb2ZpbGVJbWFnZSI6Ii9hc3NldHMvcHVibGljL2ltYWdlcy91cGxvYWRzL2RlZmF1bHQuc3ZnIiwidG90cFNlY3JldCI6IiIsImlzQWN0aXZlIjp0cnVlLCJjcmVhdGVkQXQiOiIyMDIxLTA5LTIyIDA3OjU5OjM0LjcyNSArMDA6MDAiLCJ1cGRhdGV"[truncated 331 chars]; line: 1, column: 28] (through reference chain: com.example.models.LoginResponse["authentication"]->com.example.models.Authentication["token"])
	at com.example.tests.JuiceShopTest.addProductToCart(JuiceShopTest.java:49)
]]></error>
  </testcase>
</testsuite>